<?xml version="1.0" encoding="UTF-8"?>
<robot generator="Robot 5.0.1 (Python 3.9.13 on win32)" generated="20230624 05:32:27.474" rpa="true" schemaversion="3">
<suite id="s1" name="Tasks" source="d:\RPA Projects\RPA Robot\tasks.robot">
<test id="s1-t1" name="Minimal task" line="7">
<kw name="Log" library="BuiltIn">
<arg>Done.</arg>
<doc>Logs the given message with the given level.</doc>
<msg timestamp="20230624 05:32:29.104" level="INFO">Done.</msg>
<status status="PASS" starttime="20230624 05:32:29.102" endtime="20230624 05:32:29.108"/>
</kw>
<status status="PASS" starttime="20230624 05:32:29.100" endtime="20230624 05:32:29.109"/>
</test>
<doc>Insert the sales data for the week and export it as a PDF.</doc>
<status status="PASS" starttime="20230624 05:32:27.486" endtime="20230624 05:32:29.113"/>
</suite>
<statistics>
<total>
<stat pass="1" fail="0" skip="0">All Tasks</stat>
</total>
<tag>
</tag>
<suite>
<stat pass="1" fail="0" skip="0" id="s1" name="Tasks">Tasks</stat>
</suite>
</statistics>
<errors>
</errors>
</robot>
